<?xml version="1.0" encoding="UTF-8"?>
<testng-results ignored="0" total="1" passed="1" failed="0" skipped="0">
  <reporter-output>
  </reporter-output>
  <suite started-at="2022-08-07T08:07:37 CDT" name="Default suite" finished-at="2022-08-07T08:07:40 CDT" duration-ms="3133">
    <groups>
    </groups>
    <test started-at="2022-08-07T08:07:37 CDT" name="Default test" finished-at="2022-08-07T08:07:40 CDT" duration-ms="3133">
      <class name="jenkins.Jenkins">
        <test-method signature="init()[pri:0, instance:jenkins.Jenkins@68c72235]" started-at="2022-08-07T08:07:37 CDT" name="init" finished-at="2022-08-07T08:07:40 CDT" duration-ms="3102" status="PASS">
          <reporter-output>
          </reporter-output>
        </test-method> <!-- init -->
      </class> <!-- jenkins.Jenkins -->
    </test> <!-- Default test -->
  </suite> <!-- Default suite -->
</testng-results>
